<?xml version="1.0" encoding="UTF-8"?>
<!-- Generated by org.testng.reporters.JUnitReportReporter -->
<testsuite hostname="RohitSinha" failures="0" tests="1" name="tests.SpiceJetSignUp" time="11.497" errors="0" timestamp="2025-08-05T10:57:23 IST" skipped="0">
  <testcase classname="tests.SpiceJetSignUp" name="verify_user_is_able_to_signup" time="11.497"/>
</testsuite> <!-- tests.SpiceJetSignUp -->
