<?xml version="1.0" encoding="UTF-8"?>
<!-- Generated by org.testng.reporters.JUnitReportReporter -->
<testsuite hostname="RohitSinha" failures="0" tests="1" name="tests.JsonTest" time="2.300" errors="0" timestamp="2025-08-21T10:20:49 IST" skipped="0">
  <testcase classname="tests.JsonTest" name="verify_user_is_able_to_login" time="2.300"/>
</testsuite> <!-- tests.JsonTest -->
